Base path: /opt/Unity-2018.1.0b8/Editor/Data
Cmd: initializeCompiler
Cmd: compileComputeKernel
  api=15 insize=1386 outsize=5357 ok=1
Cmd: compileComputeKernel
  api=18 insize=1386 outsize=12733 ok=1
Cmd: compileComputeKernel
  api=15 insize=3182 outsize=6893 ok=1
Cmd: compileComputeKernel
  api=15 insize=3182 outsize=3853 ok=1
Cmd: compileComputeKernel
  api=18 insize=3182 outsize=14873 ok=1
Cmd: compileComputeKernel
  api=18 insize=3182 outsize=8637 ok=1
Cmd: compileComputeKernel
  api=15 insize=1484 outsize=5625 ok=1
Cmd: compileComputeKernel
  api=18 insize=1484 outsize=12501 ok=1
Cmd: compileComputeKernel
  api=15 insize=2285 outsize=5177 ok=1
Cmd: compileComputeKernel
  api=18 insize=2285 outsize=11869 ok=1
Cmd: initializeCompiler
Unhandled exception: Protocol error - unexpected end of data (did the Editor crash?)

Quitting shader compiler process
